{"C:\\Users\\fcoja\\OneDrive\\Escritorio\\Nueva carpeta\\grupocordillera_back_tercera_evaluacion\\auth-service\\src\\db.js": {"path":"C:\\Users\\fcoja\\OneDrive\\Escritorio\\Nueva carpeta\\grupocordillera_back_tercera_evaluacion\\auth-service\\src\\db.js","statementMap":{"0":{"start":{"line":6,"column":0},"end":{"line":6,"column":16}},"1":{"start":{"line":9,"column":13},"end":{"line":17,"column":2}},"2":{"start":{"line":19,"column":0},"end":{"line":26,"column":3}},"3":{"start":{"line":20,"column":2},"end":{"line":23,"column":3}},"4":{"start":{"line":21,"column":4},"end":{"line":21,"column":45}},"5":{"start":{"line":22,"column":4},"end":{"line":22,"column":11}},"6":{"start":{"line":24,"column":2},"end":{"line":24,"column":42}},"7":{"start":{"line":25,"column":2},"end":{"line":25,"column":21}}},"fnMap":{"0":{"name":"(anonymous_0)","decl":{"start":{"line":19,"column":19},"end":{"line":19,"column":20}},"loc":{"start":{"line":19,"column":38},"end":{"line":26,"column":1}},"line":19}},"branchMap":{"0":{"loc":{"start":{"line":20,"column":2},"end":{"line":23,"column":3}},"type":"if","locations":[{"start":{"line":20,"column":2},"end":{"line":23,"column":3}},{"start":{},"end":{}}],"line":20}},"s":{"0":1,"1":1,"2":1,"3":0,"4":0,"5":0,"6":0,"7":0},"f":{"0":0},"b":{"0":[0,0]},"inputSourceMap":null,"_coverageSchema":"1a1c01bbd47fc00a2c39e90264f33305004495a9","hash":"e3a61a52d235830afe9a4aeff918d2f49ec154b3"}
,"C:\\Users\\fcoja\\OneDrive\\Escritorio\\Nueva carpeta\\grupocordillera_back_tercera_evaluacion\\auth-service\\src\\controllers\\auth.controller.js": {"path":"C:\\Users\\fcoja\\OneDrive\\Escritorio\\Nueva carpeta\\grupocordillera_back_tercera_evaluacion\\auth-service\\src\\controllers\\auth.controller.js","statementMap":{"0":{"start":{"line":6,"column":27},"end":{"line":6,"column":36}},"1":{"start":{"line":9,"column":24},"end":{"line":17,"column":1}},"2":{"start":{"line":10,"column":2},"end":{"line":16,"column":3}},"3":{"start":{"line":11,"column":32},"end":{"line":11,"column":40}},"4":{"start":{"line":12,"column":19},"end":{"line":12,"column":54}},"5":{"start":{"line":13,"column":4},"end":{"line":13,"column":40}},"6":{"start":{"line":15,"column":4},"end":{"line":15,"column":58}},"7":{"start":{"line":20,"column":21},"end":{"line":53,"column":1}},"8":{"start":{"line":21,"column":2},"end":{"line":52,"column":1}},"9":{"start":{"line":22,"column":32},"end":{"line":22,"column":40}},"10":{"start":{"line":25,"column":21},"end":{"line":25,"column":53}},"11":{"start":{"line":27,"column":23},"end":{"line":29,"column":12}},"12":{"start":{"line":31,"column":0},"end":{"line":36,"column":3}},"13":{"start":{"line":37,"column":0},"end":{"line":37,"column":38}},"14":{"start":{"line":38,"column":0},"end":{"line":38,"column":48}},"15":{"start":{"line":39,"column":0},"end":{"line":39,"column":54}},"16":{"start":{"line":40,"column":4},"end":{"line":44,"column":7}},"17":{"start":{"line":46,"column":2},"end":{"line":46,"column":39}},"18":{"start":{"line":48,"column":2},"end":{"line":51,"column":5}},"19":{"start":{"line":56,"column":26},"end":{"line":90,"column":1}},"20":{"start":{"line":57,"column":2},"end":{"line":89,"column":3}},"21":{"start":{"line":58,"column":28},"end":{"line":58,"column":36}},"22":{"start":{"line":61,"column":19},"end":{"line":61,"column":48}},"23":{"start":{"line":63,"column":4},"end":{"line":68,"column":5}},"24":{"start":{"line":64,"column":6},"end":{"line":67,"column":9}},"25":{"start":{"line":70,"column":4},"end":{"line":81,"column":5}},"26":{"start":{"line":72,"column":6},"end":{"line":72,"column":39}},"27":{"start":{"line":75,"column":4},"end":{"line":80,"column":3}},"28":{"start":{"line":83,"column":4},"end":{"line":86,"column":7}},"29":{"start":{"line":88,"column":4},"end":{"line":88,"column":58}},"30":{"start":{"line":91,"column":30},"end":{"line":118,"column":1}},"31":{"start":{"line":92,"column":2},"end":{"line":117,"column":3}},"32":{"start":{"line":94,"column":22},"end":{"line":94,"column":30}},"33":{"start":{"line":96,"column":23},"end":{"line":99,"column":5}},"34":{"start":{"line":101,"column":4},"end":{"line":105,"column":5}},"35":{"start":{"line":102,"column":6},"end":{"line":104,"column":9}},"36":{"start":{"line":107,"column":4},"end":{"line":109,"column":7}},"37":{"start":{"line":112,"column":4},"end":{"line":112,"column":25}},"38":{"start":{"line":114,"column":4},"end":{"line":116,"column":7}}},"fnMap":{"0":{"name":"(anonymous_0)","decl":{"start":{"line":9,"column":24},"end":{"line":9,"column":25}},"loc":{"start":{"line":9,"column":44},"end":{"line":17,"column":1}},"line":9},"1":{"name":"(anonymous_1)","decl":{"start":{"line":20,"column":21},"end":{"line":20,"column":22}},"loc":{"start":{"line":20,"column":41},"end":{"line":53,"column":1}},"line":20},"2":{"name":"(anonymous_2)","decl":{"start":{"line":56,"column":26},"end":{"line":56,"column":27}},"loc":{"start":{"line":56,"column":46},"end":{"line":90,"column":1}},"line":56},"3":{"name":"(anonymous_3)","decl":{"start":{"line":91,"column":30},"end":{"line":91,"column":31}},"loc":{"start":{"line":91,"column":50},"end":{"line":118,"column":1}},"line":91}},"branchMap":{"0":{"loc":{"start":{"line":63,"column":4},"end":{"line":68,"column":5}},"type":"if","locations":[{"start":{"line":63,"column":4},"end":{"line":68,"column":5}},{"start":{},"end":{}}],"line":63},"1":{"loc":{"start":{"line":70,"column":4},"end":{"line":81,"column":5}},"type":"if","locations":[{"start":{"line":70,"column":4},"end":{"line":81,"column":5}},{"start":{},"end":{}}],"line":70},"2":{"loc":{"start":{"line":101,"column":4},"end":{"line":105,"column":5}},"type":"if","locations":[{"start":{"line":101,"column":4},"end":{"line":105,"column":5}},{"start":{},"end":{}}],"line":101}},"s":{"0":1,"1":1,"2":2,"3":2,"4":2,"5":1,"6":1,"7":1,"8":1,"9":1,"10":1,"11":1,"12":1,"13":1,"14":1,"15":1,"16":1,"17":0,"18":0,"19":1,"20":1,"21":1,"22":1,"23":1,"24":1,"25":0,"26":0,"27":0,"28":0,"29":0,"30":1,"31":0,"32":0,"33":0,"34":0,"35":0,"36":0,"37":0,"38":0},"f":{"0":2,"1":1,"2":1,"3":0},"b":{"0":[1,0],"1":[0,0],"2":[0,0]},"inputSourceMap":null,"_coverageSchema":"1a1c01bbd47fc00a2c39e90264f33305004495a9","hash":"f504830dceedf7a51a9a21db58e6f23539d2ac56"}
,"C:\\Users\\fcoja\\OneDrive\\Escritorio\\Nueva carpeta\\grupocordillera_back_tercera_evaluacion\\auth-service\\src\\services\\auth.service.js": {"path":"C:\\Users\\fcoja\\OneDrive\\Escritorio\\Nueva carpeta\\grupocordillera_back_tercera_evaluacion\\auth-service\\src\\services\\auth.service.js","statementMap":{"0":{"start":{"line":10,"column":28},"end":{"line":25,"column":1}},"1":{"start":{"line":13,"column":27},"end":{"line":13,"column":54}},"2":{"start":{"line":14,"column":2},"end":{"line":16,"column":3}},"3":{"start":{"line":15,"column":4},"end":{"line":15,"column":41}},"4":{"start":{"line":19,"column":29},"end":{"line":19,"column":60}},"5":{"start":{"line":22,"column":2},"end":{"line":22,"column":48}},"6":{"start":{"line":24,"column":2},"end":{"line":24,"column":57}},"7":{"start":{"line":28,"column":25},"end":{"line":54,"column":1}},"8":{"start":{"line":31,"column":18},"end":{"line":31,"column":45}},"9":{"start":{"line":32,"column":2},"end":{"line":34,"column":3}},"10":{"start":{"line":33,"column":4},"end":{"line":33,"column":41}},"11":{"start":{"line":37,"column":25},"end":{"line":37,"column":73}},"12":{"start":{"line":38,"column":2},"end":{"line":40,"column":3}},"13":{"start":{"line":39,"column":4},"end":{"line":39,"column":45}},"14":{"start":{"line":43,"column":16},"end":{"line":47,"column":1}},"15":{"start":{"line":49,"column":0},"end":{"line":53,"column":2}}},"fnMap":{"0":{"name":"(anonymous_0)","decl":{"start":{"line":10,"column":28},"end":{"line":10,"column":29}},"loc":{"start":{"line":10,"column":55},"end":{"line":25,"column":1}},"line":10},"1":{"name":"(anonymous_1)","decl":{"start":{"line":28,"column":25},"end":{"line":28,"column":26}},"loc":{"start":{"line":28,"column":52},"end":{"line":54,"column":1}},"line":28}},"branchMap":{"0":{"loc":{"start":{"line":14,"column":2},"end":{"line":16,"column":3}},"type":"if","locations":[{"start":{"line":14,"column":2},"end":{"line":16,"column":3}},{"start":{},"end":{}}],"line":14},"1":{"loc":{"start":{"line":32,"column":2},"end":{"line":34,"column":3}},"type":"if","locations":[{"start":{"line":32,"column":2},"end":{"line":34,"column":3}},{"start":{},"end":{}}],"line":32},"2":{"loc":{"start":{"line":38,"column":2},"end":{"line":40,"column":3}},"type":"if","locations":[{"start":{"line":38,"column":2},"end":{"line":40,"column":3}},{"start":{},"end":{}}],"line":38}},"s":{"0":1,"1":2,"2":2,"3":1,"4":1,"5":1,"6":1,"7":1,"8":3,"9":3,"10":1,"11":2,"12":2,"13":1,"14":1,"15":1},"f":{"0":2,"1":3},"b":{"0":[1,1],"1":[1,2],"2":[1,1]},"inputSourceMap":null,"_coverageSchema":"1a1c01bbd47fc00a2c39e90264f33305004495a9","hash":"99a5d6d88ef88ed8e2ba50834114f8896cec45fa"}
}
