TN:
SF:src\db.js
FN:19,(anonymous_0)
FNF:1
FNH:0
FNDA:0,(anonymous_0)
DA:6,1
DA:9,1
DA:19,1
DA:20,0
DA:21,0
DA:22,0
DA:24,0
DA:25,0
LF:8
LH:3
BRDA:20,0,0,0
BRDA:20,0,1,0
BRF:2
BRH:0
end_of_record
TN:
SF:src\controllers\auth.controller.js
FN:9,(anonymous_0)
FN:20,(anonymous_1)
FN:56,(anonymous_2)
FN:91,(anonymous_3)
FNF:4
FNH:3
FNDA:2,(anonymous_0)
FNDA:1,(anonymous_1)
FNDA:1,(anonymous_2)
FNDA:0,(anonymous_3)
DA:6,1
DA:9,1
DA:10,2
DA:11,2
DA:12,2
DA:13,1
DA:15,1
DA:20,1
DA:21,1
DA:22,1
DA:25,1
DA:27,1
DA:31,1
DA:37,1
DA:38,1
DA:39,1
DA:40,1
DA:46,0
DA:48,0
DA:56,1
DA:57,1
DA:58,1
DA:61,1
DA:63,1
DA:64,1
DA:70,0
DA:72,0
DA:75,0
DA:83,0
DA:88,0
DA:91,1
DA:92,0
DA:94,0
DA:96,0
DA:101,0
DA:102,0
DA:107,0
DA:112,0
DA:114,0
LF:39
LH:24
BRDA:63,0,0,1
BRDA:63,0,1,0
BRDA:70,1,0,0
BRDA:70,1,1,0
BRDA:101,2,0,0
BRDA:101,2,1,0
BRF:6
BRH:1
end_of_record
TN:
SF:src\services\auth.service.js
FN:10,(anonymous_0)
FN:28,(anonymous_1)
FNF:2
FNH:2
FNDA:2,(anonymous_0)
FNDA:3,(anonymous_1)
DA:10,1
DA:13,2
DA:14,2
DA:15,1
DA:19,1
DA:22,1
DA:24,1
DA:28,1
DA:31,3
DA:32,3
DA:33,1
DA:37,2
DA:38,2
DA:39,1
DA:43,1
DA:49,1
LF:16
LH:16
BRDA:14,0,0,1
BRDA:14,0,1,1
BRDA:32,1,0,1
BRDA:32,1,1,2
BRDA:38,2,0,1
BRDA:38,2,1,1
BRF:6
BRH:6
end_of_record
