<?xml version="1.0" encoding="UTF-8"?>
<coverage generated="1781921389199" clover="3.2.0">
  <project timestamp="1781921389199" name="All files">
    <metrics statements="27" coveredstatements="27" conditionals="6" coveredconditionals="6" methods="3" coveredmethods="3" elements="36" coveredelements="36" complexity="0" loc="27" ncloc="27" packages="1" files="2" classes="2"/>
    <file name="auth.js" path="C:\Users\natal\Downloads\grupocordillera_nuevo\api-gateway\src\middleware\auth.js">
      <metrics statements="23" coveredstatements="23" conditionals="6" coveredconditionals="6" methods="3" coveredmethods="3"/>
      <line num="10" count="1" type="stmt"/>
      <line num="12" count="1" type="stmt"/>
      <line num="16" count="1" type="stmt"/>
      <line num="20" count="4" type="stmt"/>
      <line num="22" count="4" type="cond" truecount="2" falsecount="0"/>
      <line num="23" count="1" type="stmt"/>
      <line num="30" count="3" type="stmt"/>
      <line num="32" count="3" type="cond" truecount="2" falsecount="0"/>
      <line num="33" count="1" type="stmt"/>
      <line num="39" count="2" type="stmt"/>
      <line num="41" count="2" type="stmt"/>
      <line num="45" count="1" type="stmt"/>
      <line num="46" count="1" type="stmt"/>
      <line num="47" count="1" type="stmt"/>
      <line num="49" count="1" type="stmt"/>
      <line num="52" count="1" type="stmt"/>
      <line num="63" count="1" type="stmt"/>
      <line num="64" count="2" type="stmt"/>
      <line num="65" count="2" type="stmt"/>
      <line num="67" count="2" type="cond" truecount="2" falsecount="0"/>
      <line num="68" count="1" type="stmt"/>
      <line num="73" count="1" type="stmt"/>
      <line num="78" count="1" type="stmt"/>
    </file>
    <file name="rateLimit.js" path="C:\Users\natal\Downloads\grupocordillera_nuevo\api-gateway\src\middleware\rateLimit.js">
      <metrics statements="4" coveredstatements="4" conditionals="0" coveredconditionals="0" methods="0" coveredmethods="0"/>
      <line num="8" count="1" type="stmt"/>
      <line num="11" count="1" type="stmt"/>
      <line num="24" count="1" type="stmt"/>
      <line num="33" count="1" type="stmt"/>
    </file>
  </project>
</coverage>
