{"C:\\Users\\natal\\Downloads\\grupocordillera_nuevo\\api-gateway\\src\\middleware\\auth.js": {"path":"C:\\Users\\natal\\Downloads\\grupocordillera_nuevo\\api-gateway\\src\\middleware\\auth.js","statementMap":{"0":{"start":{"line":10,"column":0},"end":{"line":10,"column":27}},"1":{"start":{"line":12,"column":12},"end":{"line":12,"column":35}},"2":{"start":{"line":16,"column":23},"end":{"line":57,"column":1}},"3":{"start":{"line":20,"column":21},"end":{"line":20,"column":49}},"4":{"start":{"line":22,"column":2},"end":{"line":27,"column":3}},"5":{"start":{"line":23,"column":4},"end":{"line":26,"column":7}},"6":{"start":{"line":30,"column":16},"end":{"line":30,"column":40}},"7":{"start":{"line":32,"column":2},"end":{"line":37,"column":3}},"8":{"start":{"line":33,"column":4},"end":{"line":36,"column":7}},"9":{"start":{"line":39,"column":2},"end":{"line":56,"column":3}},"10":{"start":{"line":41,"column":32},"end":{"line":41,"column":73}},"11":{"start":{"line":45,"column":4},"end":{"line":45,"column":58}},"12":{"start":{"line":46,"column":4},"end":{"line":46,"column":59}},"13":{"start":{"line":47,"column":4},"end":{"line":47,"column":38}},"14":{"start":{"line":49,"column":4},"end":{"line":49,"column":11}},"15":{"start":{"line":52,"column":4},"end":{"line":55,"column":7}},"16":{"start":{"line":63,"column":21},"end":{"line":75,"column":1}},"17":{"start":{"line":64,"column":2},"end":{"line":74,"column":4}},"18":{"start":{"line":65,"column":23},"end":{"line":65,"column":39}},"19":{"start":{"line":67,"column":4},"end":{"line":72,"column":5}},"20":{"start":{"line":68,"column":6},"end":{"line":71,"column":9}},"21":{"start":{"line":73,"column":4},"end":{"line":73,"column":11}},"22":{"start":{"line":78,"column":0},"end":{"line":78,"column":50}}},"fnMap":{"0":{"name":"(anonymous_0)","decl":{"start":{"line":16,"column":23},"end":{"line":16,"column":24}},"loc":{"start":{"line":16,"column":43},"end":{"line":57,"column":1}},"line":16},"1":{"name":"(anonymous_1)","decl":{"start":{"line":63,"column":21},"end":{"line":63,"column":22}},"loc":{"start":{"line":63,"column":35},"end":{"line":75,"column":1}},"line":63},"2":{"name":"(anonymous_2)","decl":{"start":{"line":64,"column":9},"end":{"line":64,"column":10}},"loc":{"start":{"line":64,"column":29},"end":{"line":74,"column":3}},"line":64}},"branchMap":{"0":{"loc":{"start":{"line":22,"column":2},"end":{"line":27,"column":3}},"type":"if","locations":[{"start":{"line":22,"column":2},"end":{"line":27,"column":3}},{"start":{},"end":{}}],"line":22},"1":{"loc":{"start":{"line":32,"column":2},"end":{"line":37,"column":3}},"type":"if","locations":[{"start":{"line":32,"column":2},"end":{"line":37,"column":3}},{"start":{},"end":{}}],"line":32},"2":{"loc":{"start":{"line":67,"column":4},"end":{"line":72,"column":5}},"type":"if","locations":[{"start":{"line":67,"column":4},"end":{"line":72,"column":5}},{"start":{},"end":{}}],"line":67}},"s":{"0":1,"1":1,"2":1,"3":4,"4":4,"5":1,"6":3,"7":3,"8":1,"9":2,"10":2,"11":1,"12":1,"13":1,"14":1,"15":1,"16":1,"17":2,"18":2,"19":2,"20":1,"21":1,"22":1},"f":{"0":4,"1":2,"2":2},"b":{"0":[1,3],"1":[1,2],"2":[1,1]},"_coverageSchema":"1a1c01bbd47fc00a2c39e90264f33305004495a9","hash":"42c8e3379b6c0de8ceeaf923be676e60a32d51f8"}
,"C:\\Users\\natal\\Downloads\\grupocordillera_nuevo\\api-gateway\\src\\middleware\\rateLimit.js": {"path":"C:\\Users\\natal\\Downloads\\grupocordillera_nuevo\\api-gateway\\src\\middleware\\rateLimit.js","statementMap":{"0":{"start":{"line":8,"column":18},"end":{"line":8,"column":47}},"1":{"start":{"line":11,"column":25},"end":{"line":21,"column":2}},"2":{"start":{"line":24,"column":23},"end":{"line":31,"column":2}},"3":{"start":{"line":33,"column":0},"end":{"line":33,"column":52}}},"fnMap":{},"branchMap":{},"s":{"0":1,"1":1,"2":1,"3":1},"f":{},"b":{},"_coverageSchema":"1a1c01bbd47fc00a2c39e90264f33305004495a9","hash":"418131bd4ab234a3912b9929d989f98546ccbde3"}
}
