TN:
SF:src\middleware\auth.js
FN:16,(anonymous_0)
FN:63,(anonymous_1)
FN:64,(anonymous_2)
FNF:3
FNH:3
FNDA:4,(anonymous_0)
FNDA:2,(anonymous_1)
FNDA:2,(anonymous_2)
DA:10,1
DA:12,1
DA:16,1
DA:20,4
DA:22,4
DA:23,1
DA:30,3
DA:32,3
DA:33,1
DA:39,2
DA:41,2
DA:45,1
DA:46,1
DA:47,1
DA:49,1
DA:52,1
DA:63,1
DA:64,2
DA:65,2
DA:67,2
DA:68,1
DA:73,1
DA:78,1
LF:23
LH:23
BRDA:22,0,0,1
BRDA:22,0,1,3
BRDA:32,1,0,1
BRDA:32,1,1,2
BRDA:67,2,0,1
BRDA:67,2,1,1
BRF:6
BRH:6
end_of_record
TN:
SF:src\middleware\rateLimit.js
FNF:0
FNH:0
DA:8,1
DA:11,1
DA:24,1
DA:33,1
LF:4
LH:4
BRF:0
BRH:0
end_of_record
