<?xml version="1.0" encoding="UTF-8"?>
<coverage generated="1781930194396" clover="3.2.0">
  <project timestamp="1781930194397" name="All files">
    <metrics statements="16" coveredstatements="8" conditionals="4" coveredconditionals="0" methods="5" coveredmethods="1" elements="25" coveredelements="9" complexity="0" loc="16" ncloc="16" packages="3" files="5" classes="5"/>
    <package name="services">
      <metrics statements="1" coveredstatements="1" conditionals="0" coveredconditionals="0" methods="1" coveredmethods="1"/>
      <file name="importService.js" path="C:\Users\pamel\OneDrive\Desktop\brack\grupocordillera_back_tercera_evaluacion\importacion-service\src\services\importService.js">
        <metrics statements="1" coveredstatements="1" conditionals="0" coveredconditionals="0" methods="1" coveredmethods="1"/>
        <line num="1" count="4" type="stmt"/>
      </file>
    </package>
    <package name="services.connectors">
      <metrics statements="6" coveredstatements="3" conditionals="0" coveredconditionals="0" methods="3" coveredmethods="0"/>
      <file name="crmConnector.js" path="C:\Users\pamel\OneDrive\Desktop\brack\grupocordillera_back_tercera_evaluacion\importacion-service\src\services\connectors\crmConnector.js">
        <metrics statements="2" coveredstatements="1" conditionals="0" coveredconditionals="0" methods="1" coveredmethods="0"/>
        <line num="3" count="0" type="stmt"/>
        <line num="10" count="1" type="stmt"/>
      </file>
      <file name="erpConnector.js" path="C:\Users\pamel\OneDrive\Desktop\brack\grupocordillera_back_tercera_evaluacion\importacion-service\src\services\connectors\erpConnector.js">
        <metrics statements="2" coveredstatements="1" conditionals="0" coveredconditionals="0" methods="1" coveredmethods="0"/>
        <line num="3" count="0" type="stmt"/>
        <line num="10" count="1" type="stmt"/>
      </file>
      <file name="posConnector.js" path="C:\Users\pamel\OneDrive\Desktop\brack\grupocordillera_back_tercera_evaluacion\importacion-service\src\services\connectors\posConnector.js">
        <metrics statements="2" coveredstatements="1" conditionals="0" coveredconditionals="0" methods="1" coveredmethods="0"/>
        <line num="3" count="0" type="stmt"/>
        <line num="10" count="1" type="stmt"/>
      </file>
    </package>
    <package name="services.factories">
      <metrics statements="9" coveredstatements="4" conditionals="4" coveredconditionals="0" methods="1" coveredmethods="0"/>
      <file name="connectorFactory.js" path="C:\Users\pamel\OneDrive\Desktop\brack\grupocordillera_back_tercera_evaluacion\importacion-service\src\services\factories\connectorFactory.js">
        <metrics statements="9" coveredstatements="4" conditionals="4" coveredconditionals="0" methods="1" coveredmethods="0"/>
        <line num="1" count="1" type="stmt"/>
        <line num="2" count="1" type="stmt"/>
        <line num="3" count="1" type="stmt"/>
        <line num="7" count="0" type="cond" truecount="0" falsecount="4"/>
        <line num="9" count="0" type="stmt"/>
        <line num="11" count="0" type="stmt"/>
        <line num="13" count="0" type="stmt"/>
        <line num="15" count="0" type="stmt"/>
        <line num="20" count="1" type="stmt"/>
      </file>
    </package>
  </project>
</coverage>
