{"C:\\Users\\pamel\\OneDrive\\Desktop\\brack\\grupocordillera_back_tercera_evaluacion\\importacion-service\\src\\services\\importService.js": {"path":"C:\\Users\\pamel\\OneDrive\\Desktop\\brack\\grupocordillera_back_tercera_evaluacion\\importacion-service\\src\\services\\importService.js","statementMap":{"0":{"start":{"line":1,"column":25},"end":{"line":1,"column":64}},"1":{"start":{"line":1,"column":137},"end":{"line":1,"column":181}},"2":{"start":{"line":1,"column":196},"end":{"line":1,"column":223}},"3":{"start":{"line":1,"column":225},"end":{"line":1,"column":269}},"4":{"start":{"line":1,"column":274},"end":{"line":1,"column":311}}},"fnMap":{"0":{"name":"(anonymous_0)","decl":{"start":{"line":1,"column":88},"end":{"line":1,"column":89}},"loc":{"start":{"line":1,"column":117},"end":{"line":1,"column":271}},"line":1}},"branchMap":{},"s":{"0":1,"1":4,"2":4,"3":4,"4":1},"f":{"0":4},"b":{},"_coverageSchema":"1a1c01bbd47fc00a2c39e90264f33305004495a9","hash":"2860eceb84c79ffb96dbf41ec95b618b82e1ffd7"}
,"C:\\Users\\pamel\\OneDrive\\Desktop\\brack\\grupocordillera_back_tercera_evaluacion\\importacion-service\\src\\services\\connectors\\crmConnector.js": {"path":"C:\\Users\\pamel\\OneDrive\\Desktop\\brack\\grupocordillera_back_tercera_evaluacion\\importacion-service\\src\\services\\connectors\\crmConnector.js","statementMap":{"0":{"start":{"line":3,"column":8},"end":{"line":6,"column":10}},"1":{"start":{"line":10,"column":0},"end":{"line":10,"column":30}}},"fnMap":{"0":{"name":"(anonymous_0)","decl":{"start":{"line":2,"column":4},"end":{"line":2,"column":5}},"loc":{"start":{"line":2,"column":22},"end":{"line":7,"column":5}},"line":2}},"branchMap":{},"s":{"0":0,"1":1},"f":{"0":0},"b":{},"_coverageSchema":"1a1c01bbd47fc00a2c39e90264f33305004495a9","hash":"22aaee37199cf3c018f3ba64a872f97b1ddb69b4"}
,"C:\\Users\\pamel\\OneDrive\\Desktop\\brack\\grupocordillera_back_tercera_evaluacion\\importacion-service\\src\\services\\connectors\\erpConnector.js": {"path":"C:\\Users\\pamel\\OneDrive\\Desktop\\brack\\grupocordillera_back_tercera_evaluacion\\importacion-service\\src\\services\\connectors\\erpConnector.js","statementMap":{"0":{"start":{"line":3,"column":8},"end":{"line":6,"column":10}},"1":{"start":{"line":10,"column":0},"end":{"line":10,"column":30}}},"fnMap":{"0":{"name":"(anonymous_0)","decl":{"start":{"line":2,"column":4},"end":{"line":2,"column":5}},"loc":{"start":{"line":2,"column":22},"end":{"line":7,"column":5}},"line":2}},"branchMap":{},"s":{"0":0,"1":1},"f":{"0":0},"b":{},"_coverageSchema":"1a1c01bbd47fc00a2c39e90264f33305004495a9","hash":"ff95694dfb8388b9815de688b7d53f627f19d37b"}
,"C:\\Users\\pamel\\OneDrive\\Desktop\\brack\\grupocordillera_back_tercera_evaluacion\\importacion-service\\src\\services\\connectors\\posConnector.js": {"path":"C:\\Users\\pamel\\OneDrive\\Desktop\\brack\\grupocordillera_back_tercera_evaluacion\\importacion-service\\src\\services\\connectors\\posConnector.js","statementMap":{"0":{"start":{"line":3,"column":8},"end":{"line":6,"column":10}},"1":{"start":{"line":10,"column":0},"end":{"line":10,"column":30}}},"fnMap":{"0":{"name":"(anonymous_0)","decl":{"start":{"line":2,"column":4},"end":{"line":2,"column":5}},"loc":{"start":{"line":2,"column":22},"end":{"line":7,"column":5}},"line":2}},"branchMap":{},"s":{"0":0,"1":1},"f":{"0":0},"b":{},"_coverageSchema":"1a1c01bbd47fc00a2c39e90264f33305004495a9","hash":"ccbe4dd704e42006eb1e543bc116ad6c0fa44639"}
,"C:\\Users\\pamel\\OneDrive\\Desktop\\brack\\grupocordillera_back_tercera_evaluacion\\importacion-service\\src\\services\\factories\\connectorFactory.js": {"path":"C:\\Users\\pamel\\OneDrive\\Desktop\\brack\\grupocordillera_back_tercera_evaluacion\\importacion-service\\src\\services\\factories\\connectorFactory.js","statementMap":{"0":{"start":{"line":1,"column":21},"end":{"line":1,"column":58}},"1":{"start":{"line":2,"column":21},"end":{"line":2,"column":58}},"2":{"start":{"line":3,"column":21},"end":{"line":3,"column":58}},"3":{"start":{"line":7,"column":8},"end":{"line":16,"column":9}},"4":{"start":{"line":9,"column":16},"end":{"line":9,"column":42}},"5":{"start":{"line":11,"column":16},"end":{"line":11,"column":42}},"6":{"start":{"line":13,"column":16},"end":{"line":13,"column":42}},"7":{"start":{"line":15,"column":16},"end":{"line":15,"column":55}},"8":{"start":{"line":20,"column":0},"end":{"line":20,"column":34}}},"fnMap":{"0":{"name":"(anonymous_0)","decl":{"start":{"line":6,"column":4},"end":{"line":6,"column":5}},"loc":{"start":{"line":6,"column":33},"end":{"line":17,"column":5}},"line":6}},"branchMap":{"0":{"loc":{"start":{"line":7,"column":8},"end":{"line":16,"column":9}},"type":"switch","locations":[{"start":{"line":8,"column":12},"end":{"line":9,"column":42}},{"start":{"line":10,"column":12},"end":{"line":11,"column":42}},{"start":{"line":12,"column":12},"end":{"line":13,"column":42}},{"start":{"line":14,"column":12},"end":{"line":15,"column":55}}],"line":7}},"s":{"0":1,"1":1,"2":1,"3":0,"4":0,"5":0,"6":0,"7":0,"8":1},"f":{"0":0},"b":{"0":[0,0,0,0]},"_coverageSchema":"1a1c01bbd47fc00a2c39e90264f33305004495a9","hash":"bab2b12fdc213ffe849d9bd9741f21d943636f35"}
}
