{"C:\\Users\\natal\\Downloads\\grupocordillera_nuevo\\gestion-service\\src\\repositories\\gestionRepository.js": {"path":"C:\\Users\\natal\\Downloads\\grupocordillera_nuevo\\gestion-service\\src\\repositories\\gestionRepository.js","statementMap":{"0":{"start":{"line":6,"column":11},"end":{"line":6,"column":34}},"1":{"start":{"line":9,"column":27},"end":{"line":15,"column":1}},"2":{"start":{"line":12,"column":24},"end":{"line":12,"column":65}},"3":{"start":{"line":13,"column":8},"end":{"line":13,"column":21}},"4":{"start":{"line":18,"column":27},"end":{"line":33,"column":1}},"5":{"start":{"line":20,"column":24},"end":{"line":20,"column":66}},"6":{"start":{"line":21,"column":8},"end":{"line":21,"column":21}},"7":{"start":{"line":24,"column":28},"end":{"line":27,"column":9}},"8":{"start":{"line":28,"column":8},"end":{"line":28,"column":110}},"9":{"start":{"line":31,"column":8},"end":{"line":31,"column":68}},"10":{"start":{"line":36,"column":27},"end":{"line":41,"column":1}},"11":{"start":{"line":38,"column":24},"end":{"line":38,"column":65}},"12":{"start":{"line":39,"column":8},"end":{"line":39,"column":21}},"13":{"start":{"line":44,"column":26},"end":{"line":49,"column":1}},"14":{"start":{"line":46,"column":24},"end":{"line":46,"column":64}},"15":{"start":{"line":47,"column":8},"end":{"line":47,"column":21}},"16":{"start":{"line":51,"column":0},"end":{"line":56,"column":2}}},"fnMap":{"0":{"name":"(anonymous_0)","decl":{"start":{"line":11,"column":18},"end":{"line":11,"column":19}},"loc":{"start":{"line":11,"column":30},"end":{"line":14,"column":5}},"line":11},"1":{"name":"(anonymous_1)","decl":{"start":{"line":19,"column":18},"end":{"line":19,"column":19}},"loc":{"start":{"line":19,"column":30},"end":{"line":22,"column":5}},"line":19},"2":{"name":"(anonymous_2)","decl":{"start":{"line":23,"column":11},"end":{"line":23,"column":12}},"loc":{"start":{"line":23,"column":73},"end":{"line":29,"column":5}},"line":23},"3":{"name":"(anonymous_3)","decl":{"start":{"line":30,"column":14},"end":{"line":30,"column":15}},"loc":{"start":{"line":30,"column":28},"end":{"line":32,"column":5}},"line":30},"4":{"name":"(anonymous_4)","decl":{"start":{"line":37,"column":18},"end":{"line":37,"column":19}},"loc":{"start":{"line":37,"column":30},"end":{"line":40,"column":5}},"line":37},"5":{"name":"(anonymous_5)","decl":{"start":{"line":45,"column":18},"end":{"line":45,"column":19}},"loc":{"start":{"line":45,"column":30},"end":{"line":48,"column":5}},"line":45}},"branchMap":{"0":{"loc":{"start":{"line":26,"column":53},"end":{"line":26,"column":71}},"type":"binary-expr","locations":[{"start":{"line":26,"column":53},"end":{"line":26,"column":59}},{"start":{"line":26,"column":63},"end":{"line":26,"column":71}}],"line":26},"1":{"loc":{"start":{"line":28,"column":89},"end":{"line":28,"column":107}},"type":"binary-expr","locations":[{"start":{"line":28,"column":89},"end":{"line":28,"column":95}},{"start":{"line":28,"column":99},"end":{"line":28,"column":107}}],"line":28}},"s":{"0":1,"1":1,"2":2,"3":2,"4":1,"5":2,"6":2,"7":0,"8":0,"9":0,"10":1,"11":1,"12":1,"13":1,"14":1,"15":1,"16":1},"f":{"0":2,"1":2,"2":0,"3":0,"4":1,"5":1},"b":{"0":[0,0],"1":[0,0]},"_coverageSchema":"1a1c01bbd47fc00a2c39e90264f33305004495a9","hash":"ae185a30c7fb1f0dc68aa60f248148786664634e"}
}
