TN:
SF:src\repositories\gestionRepository.js
FN:11,(anonymous_0)
FN:19,(anonymous_1)
FN:23,(anonymous_2)
FN:30,(anonymous_3)
FN:37,(anonymous_4)
FN:45,(anonymous_5)
FNF:6
FNH:6
FNDA:2,(anonymous_0)
FNDA:2,(anonymous_1)
FNDA:2,(anonymous_2)
FNDA:1,(anonymous_3)
FNDA:1,(anonymous_4)
FNDA:1,(anonymous_5)
DA:6,1
DA:9,1
DA:12,2
DA:13,2
DA:18,1
DA:20,2
DA:21,2
DA:24,2
DA:28,2
DA:31,1
DA:36,1
DA:38,1
DA:39,1
DA:44,1
DA:46,1
DA:47,1
DA:51,1
LF:17
LH:17
BRDA:26,0,0,2
BRDA:26,0,1,1
BRDA:28,1,0,2
BRDA:28,1,1,1
BRF:4
BRH:4
end_of_record
